This file contains any messages produced by compilers while
running configure, to aid debugging if configure makes a mistake.

It was created by tesseract configure 3.01, which was
generated by GNU Autoconf 2.65.  Invocation command line was

  $ ./configure 

## --------- ##
## Platform. ##
## --------- ##

hostname = quad2-711.wireless-resnet.upenn.edu
uname -m = x86_64
uname -r = 11.3.0
uname -s = Darwin
uname -v = Darwin Kernel Version 11.3.0: Thu Jan 12 18:47:41 PST 2012; root:xnu-1699.24.23~1/RELEASE_X86_64

/usr/bin/uname -p = i386
/bin/uname -X     = unknown

/bin/arch              = unknown
/usr/bin/arch -k       = unknown
/usr/convex/getsysinfo = unknown
/usr/bin/hostinfo      = Mach kernel version:
	 Darwin Kernel Version 11.3.0: Thu Jan 12 18:47:41 PST 2012; root:xnu-1699.24.23~1/RELEASE_X86_64
Kernel configured for up to 4 processors.
2 processors are physically available.
4 processors are logically available.
Processor type: i486 (Intel 80486)
Processors active: 0 1 2 3
Primary memory available: 4.00 gigabytes
Default processor set: 118 tasks, 705 threads, 4 processors
Load average: 1.36, Mach factor: 2.62
/bin/machine           = unknown
/usr/bin/oslevel       = unknown
/bin/universe          = unknown

PATH: /usr/bin
PATH: /bin
PATH: /usr/sbin
PATH: /sbin
PATH: /usr/local/bin
PATH: /usr/X11/bin
PATH: /opt/local/bin
PATH: /usr/local/git/bin
PATH: /Users/Andrei/.ec2/bin


## ----------- ##
## Core tests. ##
## ----------- ##

configure:2703: checking build system type
configure:2717: result: i386-apple-darwin11.3.0
configure:2737: checking host system type
configure:2750: result: i386-apple-darwin11.3.0
configure:2849: checking --enable-graphics argument
configure:2858: result: yes
configure:2867: checking --enable-multiple-libraries argument
configure:2876: result: no
configure:2992: checking for cl.exe
configure:3022: result: no
configure:2992: checking for g++
configure:3008: found /usr/bin/g++
configure:3019: result: g++
configure:3046: checking for C++ compiler version
configure:3055: g++ --version >&5
i686-apple-darwin11-llvm-g++-4.2 (GCC) 4.2.1 (Based on Apple Inc. build 5658) (LLVM build 2335.15.00)
Copyright (C) 2007 Free Software Foundation, Inc.
This is free software; see the source for copying conditions.  There is NO
warranty; not even for MERCHANTABILITY or FITNESS FOR A PARTICULAR PURPOSE.

configure:3066: $? = 0
configure:3055: g++ -v >&5
Using built-in specs.
Target: i686-apple-darwin11
Configured with: /private/var/tmp/llvmgcc42/llvmgcc42-2335.15~25/src/configure --disable-checking --enable-werror --prefix=/Developer/usr/llvm-gcc-4.2 --mandir=/share/man --enable-languages=c,objc,c++,obj-c++ --program-prefix=llvm- --program-transform-name=/^[cg][^.-]*$/s/$/-4.2/ --with-slibdir=/usr/lib --build=i686-apple-darwin11 --enable-llvm=/private/var/tmp/llvmgcc42/llvmgcc42-2335.15~25/dst-llvmCore/Developer/usr/local --program-prefix=i686-apple-darwin11- --host=x86_64-apple-darwin11 --target=i686-apple-darwin11 --with-gxx-include-dir=/usr/include/c++/4.2.1
Thread model: posix
gcc version 4.2.1 (Based on Apple Inc. build 5658) (LLVM build 2335.15.00)
configure:3066: $? = 0
configure:3055: g++ -V >&5
llvm-g++-4.2: argument to `-V' is missing
configure:3066: $? = 1
configure:3055: g++ -qversion >&5
i686-apple-darwin11-llvm-g++-4.2: no input files
configure:3066: $? = 1
configure:3086: checking whether the C++ compiler works
configure:3108: g++    conftest.cpp  >&5
configure:3112: $? = 0
configure:3161: result: yes
configure:3164: checking for C++ compiler default output file name
configure:3166: result: a.out
configure:3172: checking for suffix of executables
configure:3179: g++ -o conftest    conftest.cpp  >&5
configure:3183: $? = 0
configure:3205: result: 
configure:3227: checking whether we are cross compiling
configure:3235: g++ -o conftest    conftest.cpp  >&5
configure:3239: $? = 0
configure:3246: ./conftest
configure:3250: $? = 0
configure:3265: result: no
configure:3270: checking for suffix of object files
configure:3292: g++ -c   conftest.cpp >&5
configure:3296: $? = 0
configure:3317: result: o
configure:3321: checking whether we are using the GNU C++ compiler
configure:3340: g++ -c   conftest.cpp >&5
configure:3340: $? = 0
configure:3349: result: yes
configure:3358: checking whether g++ accepts -g
configure:3378: g++ -c -g  conftest.cpp >&5
configure:3378: $? = 0
configure:3419: result: yes
configure:3518: checking for gcc
configure:3534: found /usr/bin/gcc
configure:3545: result: gcc
configure:3774: checking for C compiler version
configure:3783: gcc --version >&5
i686-apple-darwin11-llvm-gcc-4.2 (GCC) 4.2.1 (Based on Apple Inc. build 5658) (LLVM build 2335.15.00)
Copyright (C) 2007 Free Software Foundation, Inc.
This is free software; see the source for copying conditions.  There is NO
warranty; not even for MERCHANTABILITY or FITNESS FOR A PARTICULAR PURPOSE.

configure:3794: $? = 0
configure:3783: gcc -v >&5
Using built-in specs.
Target: i686-apple-darwin11
Configured with: /private/var/tmp/llvmgcc42/llvmgcc42-2335.15~25/src/configure --disable-checking --enable-werror --prefix=/Developer/usr/llvm-gcc-4.2 --mandir=/share/man --enable-languages=c,objc,c++,obj-c++ --program-prefix=llvm- --program-transform-name=/^[cg][^.-]*$/s/$/-4.2/ --with-slibdir=/usr/lib --build=i686-apple-darwin11 --enable-llvm=/private/var/tmp/llvmgcc42/llvmgcc42-2335.15~25/dst-llvmCore/Developer/usr/local --program-prefix=i686-apple-darwin11- --host=x86_64-apple-darwin11 --target=i686-apple-darwin11 --with-gxx-include-dir=/usr/include/c++/4.2.1
Thread model: posix
gcc version 4.2.1 (Based on Apple Inc. build 5658) (LLVM build 2335.15.00)
configure:3794: $? = 0
configure:3783: gcc -V >&5
llvm-gcc-4.2: argument to `-V' is missing
configure:3794: $? = 1
configure:3783: gcc -qversion >&5
i686-apple-darwin11-llvm-gcc-4.2: no input files
configure:3794: $? = 1
configure:3798: checking whether we are using the GNU C compiler
configure:3817: gcc -c   conftest.c >&5
configure:3817: $? = 0
configure:3826: result: yes
configure:3835: checking whether gcc accepts -g
configure:3855: gcc -c -g  conftest.c >&5
configure:3855: $? = 0
configure:3896: result: yes
configure:3913: checking for gcc option to accept ISO C89
configure:3977: gcc  -c -g -O2  conftest.c >&5
configure:3977: $? = 0
configure:3990: result: none needed
configure:4010: checking for a sed that does not truncate output
configure:4074: result: /usr/bin/sed
configure:4092: checking for grep that handles long lines and -e
configure:4150: result: /usr/bin/grep
configure:4155: checking for egrep
configure:4217: result: /usr/bin/grep -E
configure:4222: checking for fgrep
configure:4284: result: /usr/bin/grep -F
configure:4319: checking for ld used by gcc
configure:4386: result: /usr/llvm-gcc-4.2/libexec/gcc/i686-apple-darwin11/4.2.1/ld
configure:4393: checking if the linker (/usr/llvm-gcc-4.2/libexec/gcc/i686-apple-darwin11/4.2.1/ld) is GNU ld
configure:4408: result: no
configure:4420: checking for BSD- or MS-compatible name lister (nm)
configure:4469: result: /usr/bin/nm
configure:4587: checking the name lister (/usr/bin/nm) interface
configure:4594: gcc -c -g -O2  conftest.c >&5
configure:4597: /usr/bin/nm "conftest.o"
configure:4600: output
0000000000000220 S _some_variable
configure:4607: result: BSD nm
configure:4610: checking whether ln -s works
configure:4614: result: yes
configure:4622: checking the maximum length of command line arguments
configure:4742: result: 196608
configure:4759: checking whether the shell understands some XSI constructs
configure:4769: result: yes
configure:4773: checking whether the shell understands "+="
configure:4779: result: yes
configure:4814: checking for /usr/llvm-gcc-4.2/libexec/gcc/i686-apple-darwin11/4.2.1/ld option to reload object files
configure:4821: result: -r
configure:4890: checking for objdump
configure:4920: result: no
configure:4949: checking how to recognize dependent libraries
configure:5145: result: pass_all
configure:5205: checking for ar
configure:5221: found /usr/bin/ar
configure:5232: result: ar
configure:5310: checking for strip
configure:5326: found /usr/bin/strip
configure:5337: result: strip
configure:5409: checking for ranlib
configure:5425: found /usr/bin/ranlib
configure:5436: result: ranlib
configure:5526: checking command to parse /usr/bin/nm output from gcc object
configure:5644: gcc -c -g -O2  conftest.c >&5
configure:5647: $? = 0
configure:5651: /usr/bin/nm conftest.o \| sed -n -e 's/^.*[	 ]\([BCDEGRST][BCDEGRST]*\)[	 ][	 ]*\([_A-Za-z][_A-Za-z0-9]*\)$/\1 \2 \2/p' \> conftest.nm
configure:5654: $? = 0
cannot find nm_test_var in conftest.nm
configure:5644: gcc -c -g -O2  conftest.c >&5
configure:5647: $? = 0
configure:5651: /usr/bin/nm conftest.o \| sed -n -e 's/^.*[	 ]\([BCDEGRST][BCDEGRST]*\)[	 ][	 ]*_\([_A-Za-z][_A-Za-z0-9]*\)$/\1 _\2 \2/p' \> conftest.nm
configure:5654: $? = 0
configure:5708: gcc -o conftest -g -O2   conftest.c conftstm.o >&5
configure:5711: $? = 0
configure:5749: result: ok
configure:6014: checking for dsymutil
configure:6030: found /usr/bin/dsymutil
configure:6041: result: dsymutil
configure:6106: checking for nmedit
configure:6122: found /usr/bin/nmedit
configure:6133: result: nmedit
configure:6198: checking for lipo
configure:6214: found /usr/bin/lipo
configure:6225: result: lipo
configure:6290: checking for otool
configure:6306: found /usr/bin/otool
configure:6317: result: otool
configure:6382: checking for otool64
configure:6412: result: no
configure:6457: checking for -single_module linker flag
gcc -g -O2  -o libconftest.dylib -dynamiclib -Wl,-single_module conftest.c
configure:6484: result: yes
configure:6486: checking for -exported_symbols_list linker flag
configure:6506: gcc -o conftest -g -O2   -Wl,-exported_symbols_list,conftest.sym conftest.c  >&5
configure:6506: $? = 0
configure:6516: result: yes
configure:6558: checking how to run the C preprocessor
configure:6589: gcc -E  conftest.c
configure:6589: $? = 0
configure:6603: gcc -E  conftest.c
conftest.c:13:28: error: ac_nonexistent.h: No such file or directory
configure:6603: $? = 1
configure: failed program was:
| /* confdefs.h */
| #define PACKAGE_NAME "tesseract"
| #define PACKAGE_TARNAME "tesseract"
| #define PACKAGE_VERSION "3.01"
| #define PACKAGE_STRING "tesseract 3.01"
| #define PACKAGE_BUGREPORT "theraysmith@gmail.com"
| #define PACKAGE_URL ""
| #define PACKAGE_NAME "tesseract"
| #define PACKAGE_VERSION "3.01"
| #define PACKAGE_YEAR "2011"
| #define PACKAGE_DATE "10/16"
| /* end confdefs.h.  */
| #include <ac_nonexistent.h>
configure:6628: result: gcc -E
configure:6648: gcc -E  conftest.c
configure:6648: $? = 0
configure:6662: gcc -E  conftest.c
conftest.c:13:28: error: ac_nonexistent.h: No such file or directory
configure:6662: $? = 1
configure: failed program was:
| /* confdefs.h */
| #define PACKAGE_NAME "tesseract"
| #define PACKAGE_TARNAME "tesseract"
| #define PACKAGE_VERSION "3.01"
| #define PACKAGE_STRING "tesseract 3.01"
| #define PACKAGE_BUGREPORT "theraysmith@gmail.com"
| #define PACKAGE_URL ""
| #define PACKAGE_NAME "tesseract"
| #define PACKAGE_VERSION "3.01"
| #define PACKAGE_YEAR "2011"
| #define PACKAGE_DATE "10/16"
| /* end confdefs.h.  */
| #include <ac_nonexistent.h>
configure:6691: checking for ANSI C header files
configure:6711: gcc -c -g -O2  conftest.c >&5
configure:6711: $? = 0
configure:6784: gcc -o conftest -g -O2   conftest.c  >&5
configure:6784: $? = 0
configure:6784: ./conftest
configure:6784: $? = 0
configure:6795: result: yes
configure:6808: checking for sys/types.h
configure:6808: gcc -c -g -O2  conftest.c >&5
configure:6808: $? = 0
configure:6808: result: yes
configure:6808: checking for sys/stat.h
configure:6808: gcc -c -g -O2  conftest.c >&5
configure:6808: $? = 0
configure:6808: result: yes
configure:6808: checking for stdlib.h
configure:6808: gcc -c -g -O2  conftest.c >&5
configure:6808: $? = 0
configure:6808: result: yes
configure:6808: checking for string.h
configure:6808: gcc -c -g -O2  conftest.c >&5
configure:6808: $? = 0
configure:6808: result: yes
configure:6808: checking for memory.h
configure:6808: gcc -c -g -O2  conftest.c >&5
configure:6808: $? = 0
configure:6808: result: yes
configure:6808: checking for strings.h
configure:6808: gcc -c -g -O2  conftest.c >&5
configure:6808: $? = 0
configure:6808: result: yes
configure:6808: checking for inttypes.h
configure:6808: gcc -c -g -O2  conftest.c >&5
configure:6808: $? = 0
configure:6808: result: yes
configure:6808: checking for stdint.h
configure:6808: gcc -c -g -O2  conftest.c >&5
configure:6808: $? = 0
configure:6808: result: yes
configure:6808: checking for unistd.h
configure:6808: gcc -c -g -O2  conftest.c >&5
configure:6808: $? = 0
configure:6808: result: yes
configure:6823: checking for dlfcn.h
configure:6823: gcc -c -g -O2  conftest.c >&5
configure:6823: $? = 0
configure:6823: result: yes
configure:6948: checking for C++ compiler version
configure:6957: g++ --version >&5
i686-apple-darwin11-llvm-g++-4.2 (GCC) 4.2.1 (Based on Apple Inc. build 5658) (LLVM build 2335.15.00)
Copyright (C) 2007 Free Software Foundation, Inc.
This is free software; see the source for copying conditions.  There is NO
warranty; not even for MERCHANTABILITY or FITNESS FOR A PARTICULAR PURPOSE.

configure:6968: $? = 0
configure:6957: g++ -v >&5
Using built-in specs.
Target: i686-apple-darwin11
Configured with: /private/var/tmp/llvmgcc42/llvmgcc42-2335.15~25/src/configure --disable-checking --enable-werror --prefix=/Developer/usr/llvm-gcc-4.2 --mandir=/share/man --enable-languages=c,objc,c++,obj-c++ --program-prefix=llvm- --program-transform-name=/^[cg][^.-]*$/s/$/-4.2/ --with-slibdir=/usr/lib --build=i686-apple-darwin11 --enable-llvm=/private/var/tmp/llvmgcc42/llvmgcc42-2335.15~25/dst-llvmCore/Developer/usr/local --program-prefix=i686-apple-darwin11- --host=x86_64-apple-darwin11 --target=i686-apple-darwin11 --with-gxx-include-dir=/usr/include/c++/4.2.1
Thread model: posix
gcc version 4.2.1 (Based on Apple Inc. build 5658) (LLVM build 2335.15.00)
configure:6968: $? = 0
configure:6957: g++ -V >&5
llvm-g++-4.2: argument to `-V' is missing
configure:6968: $? = 1
configure:6957: g++ -qversion >&5
i686-apple-darwin11-llvm-g++-4.2: no input files
configure:6968: $? = 1
configure:6972: checking whether we are using the GNU C++ compiler
configure:7000: result: yes
configure:7009: checking whether g++ accepts -g
configure:7070: result: yes
configure:7101: checking how to run the C++ preprocessor
configure:7128: g++ -E  conftest.cpp
configure:7128: $? = 0
configure:7142: g++ -E  conftest.cpp
conftest.cpp:24:28: error: ac_nonexistent.h: No such file or directory
configure:7142: $? = 1
configure: failed program was:
| /* confdefs.h */
| #define PACKAGE_NAME "tesseract"
| #define PACKAGE_TARNAME "tesseract"
| #define PACKAGE_VERSION "3.01"
| #define PACKAGE_STRING "tesseract 3.01"
| #define PACKAGE_BUGREPORT "theraysmith@gmail.com"
| #define PACKAGE_URL ""
| #define PACKAGE_NAME "tesseract"
| #define PACKAGE_VERSION "3.01"
| #define PACKAGE_YEAR "2011"
| #define PACKAGE_DATE "10/16"
| #define STDC_HEADERS 1
| #define HAVE_SYS_TYPES_H 1
| #define HAVE_SYS_STAT_H 1
| #define HAVE_STDLIB_H 1
| #define HAVE_STRING_H 1
| #define HAVE_MEMORY_H 1
| #define HAVE_STRINGS_H 1
| #define HAVE_INTTYPES_H 1
| #define HAVE_STDINT_H 1
| #define HAVE_UNISTD_H 1
| #define HAVE_DLFCN_H 1
| /* end confdefs.h.  */
| #include <ac_nonexistent.h>
configure:7167: result: g++ -E
configure:7187: g++ -E  conftest.cpp
configure:7187: $? = 0
configure:7201: g++ -E  conftest.cpp
conftest.cpp:24:28: error: ac_nonexistent.h: No such file or directory
configure:7201: $? = 1
configure: failed program was:
| /* confdefs.h */
| #define PACKAGE_NAME "tesseract"
| #define PACKAGE_TARNAME "tesseract"
| #define PACKAGE_VERSION "3.01"
| #define PACKAGE_STRING "tesseract 3.01"
| #define PACKAGE_BUGREPORT "theraysmith@gmail.com"
| #define PACKAGE_URL ""
| #define PACKAGE_NAME "tesseract"
| #define PACKAGE_VERSION "3.01"
| #define PACKAGE_YEAR "2011"
| #define PACKAGE_DATE "10/16"
| #define STDC_HEADERS 1
| #define HAVE_SYS_TYPES_H 1
| #define HAVE_SYS_STAT_H 1
| #define HAVE_STDLIB_H 1
| #define HAVE_STRING_H 1
| #define HAVE_MEMORY_H 1
| #define HAVE_STRINGS_H 1
| #define HAVE_INTTYPES_H 1
| #define HAVE_STDINT_H 1
| #define HAVE_UNISTD_H 1
| #define HAVE_DLFCN_H 1
| /* end confdefs.h.  */
| #include <ac_nonexistent.h>
configure:7407: checking for objdir
configure:7422: result: .libs
configure:7714: checking if gcc supports -fno-rtti -fno-exceptions
configure:7732: gcc -c -g -O2  -fno-rtti -fno-exceptions conftest.c >&5
cc1: warning: command line option "-fno-rtti" is valid for C++/ObjC++ but not for C
configure:7736: $? = 0
configure:7749: result: no
configure:7769: checking for gcc option to produce PIC
configure:8041: result: -fno-common -DPIC
configure:8053: checking if gcc PIC flag -fno-common -DPIC works
configure:8071: gcc -c -g -O2  -fno-common -DPIC -DPIC conftest.c >&5
configure:8075: $? = 0
configure:8088: result: yes
configure:8112: checking if gcc static flag -static works
configure:8140: result: no
configure:8155: checking if gcc supports -c -o file.o
configure:8176: gcc -c -g -O2  -o out/conftest2.o conftest.c >&5
configure:8180: $? = 0
configure:8202: result: yes
configure:8210: checking if gcc supports -c -o file.o
configure:8257: result: yes
configure:8290: checking whether the gcc linker (/usr/llvm-gcc-4.2/libexec/gcc/i686-apple-darwin11/4.2.1/ld) supports shared libraries
configure:9281: result: yes
configure:9520: checking dynamic linker characteristics
configure:10183: result: darwin11.3.0 dyld
configure:10285: checking how to hardcode library paths into programs
configure:10310: result: immediate
configure:10830: checking whether stripping libraries is possible
configure:10844: result: yes
configure:10870: checking if libtool supports shared libraries
configure:10872: result: yes
configure:10875: checking whether to build shared libraries
configure:10896: result: yes
configure:10899: checking whether to build static libraries
configure:10903: result: yes
configure:11053: checking for ld used by g++
configure:11120: result: /usr/llvm-gcc-4.2/libexec/gcc/i686-apple-darwin11/4.2.1/ld
configure:11127: checking if the linker (/usr/llvm-gcc-4.2/libexec/gcc/i686-apple-darwin11/4.2.1/ld) is GNU ld
configure:11142: result: no
configure:11197: checking whether the g++ linker (/usr/llvm-gcc-4.2/libexec/gcc/i686-apple-darwin11/4.2.1/ld) supports shared libraries
configure:12110: result: yes
configure:12138: g++ -c -g -O2  conftest.cpp >&5
configure:12141: $? = 0
configure:12323: checking for g++ option to produce PIC
configure:12640: result: -fno-common -DPIC
configure:12649: checking if g++ PIC flag -fno-common -DPIC works
configure:12667: g++ -c -g -O2  -fno-common -DPIC -DPIC conftest.cpp >&5
configure:12671: $? = 0
configure:12684: result: yes
configure:12705: checking if g++ static flag -static works
configure:12733: result: no
configure:12745: checking if g++ supports -c -o file.o
configure:12766: g++ -c -g -O2  -o out/conftest2.o conftest.cpp >&5
configure:12770: $? = 0
configure:12792: result: yes
configure:12797: checking if g++ supports -c -o file.o
configure:12844: result: yes
configure:12874: checking whether the g++ linker (/usr/llvm-gcc-4.2/libexec/gcc/i686-apple-darwin11/4.2.1/ld) supports shared libraries
configure:12903: result: yes
configure:13040: checking dynamic linker characteristics
configure:13651: result: darwin11.3.0 dyld
configure:13702: checking how to hardcode library paths into programs
configure:13727: result: immediate
configure:13810: checking for a BSD-compatible install
configure:13878: result: /usr/bin/install -c
configure:13889: checking whether build environment is sane
configure:13939: result: yes
configure:14080: checking for a thread-safe mkdir -p
configure:14119: result: config/install-sh -c -d
configure:14132: checking for gawk
configure:14162: result: no
configure:14132: checking for mawk
configure:14162: result: no
configure:14132: checking for nawk
configure:14162: result: no
configure:14132: checking for awk
configure:14148: found /usr/bin/awk
configure:14159: result: awk
configure:14170: checking whether make sets $(MAKE)
configure:14192: result: yes
configure:14222: checking for style of include used by make
configure:14250: result: GNU
configure:14335: checking dependency style of gcc
configure:14445: result: gcc3
configure:14462: checking dependency style of g++
configure:14572: result: gcc3
configure:14592: checking whether to enable maintainer-specific portions of Makefiles
configure:14601: result: no
configure:14630: checking whether byte ordering is bigendian
configure:14645: gcc -c -g -O2  conftest.c >&5
configure:14645: $? = 0
configure:14690: gcc -c -g -O2  conftest.c >&5
configure:14690: $? = 0
configure:14708: gcc -c -g -O2  conftest.c >&5
conftest.c: In function 'main':
conftest.c:34: error: 'not' undeclared (first use in this function)
conftest.c:34: error: (Each undeclared identifier is reported only once
conftest.c:34: error: for each function it appears in.)
conftest.c:34: error: expected ';' before 'big'
configure:14708: $? = 1
configure: failed program was:
| /* confdefs.h */
| #define PACKAGE_NAME "tesseract"
| #define PACKAGE_TARNAME "tesseract"
| #define PACKAGE_VERSION "3.01"
| #define PACKAGE_STRING "tesseract 3.01"
| #define PACKAGE_BUGREPORT "theraysmith@gmail.com"
| #define PACKAGE_URL ""
| #define PACKAGE_NAME "tesseract"
| #define PACKAGE_VERSION "3.01"
| #define PACKAGE_YEAR "2011"
| #define PACKAGE_DATE "10/16"
| #define STDC_HEADERS 1
| #define HAVE_SYS_TYPES_H 1
| #define HAVE_SYS_STAT_H 1
| #define HAVE_STDLIB_H 1
| #define HAVE_STRING_H 1
| #define HAVE_MEMORY_H 1
| #define HAVE_STRINGS_H 1
| #define HAVE_INTTYPES_H 1
| #define HAVE_STDINT_H 1
| #define HAVE_UNISTD_H 1
| #define HAVE_DLFCN_H 1
| #define LT_OBJDIR ".libs/"
| #define PACKAGE "tesseract"
| #define VERSION "3.01"
| /* end confdefs.h.  */
| #include <sys/types.h>
| 		#include <sys/param.h>
| 
| int
| main ()
| {
| #if BYTE_ORDER != BIG_ENDIAN
| 		 not big endian
| 		#endif
| 
|   ;
|   return 0;
| }
configure:14836: result: no
configure:14967: checking for sem_init in -lpthread
configure:14992: g++ -o conftest -g -O2   conftest.cpp -lpthread   >&5
configure:14992: $? = 0
configure:15001: result: yes
configure:15018: checking for ANSI C header files
configure:15122: result: yes
configure:15130: checking whether time.h and sys/time.h may both be included
configure:15150: g++ -c -g -O2  conftest.cpp >&5
configure:15150: $? = 0
configure:15157: result: yes
configure:15165: checking for sys/wait.h that is POSIX.1 compatible
configure:15191: g++ -c -g -O2  conftest.cpp >&5
configure:15191: $? = 0
configure:15198: result: yes
configure:15209: checking sys/ipc.h usability
configure:15209: g++ -c -g -O2  conftest.cpp >&5
configure:15209: $? = 0
configure:15209: result: yes
configure:15209: checking sys/ipc.h presence
configure:15209: g++ -E  conftest.cpp
configure:15209: $? = 0
configure:15209: result: yes
configure:15209: checking for sys/ipc.h
configure:15209: result: yes
configure:15209: checking sys/shm.h usability
configure:15209: g++ -c -g -O2  conftest.cpp >&5
configure:15209: $? = 0
configure:15209: result: yes
configure:15209: checking sys/shm.h presence
configure:15209: g++ -E  conftest.cpp
configure:15209: $? = 0
configure:15209: result: yes
configure:15209: checking for sys/shm.h
configure:15209: result: yes
configure:15223: checking limits.h usability
configure:15223: g++ -c -g -O2  conftest.cpp >&5
configure:15223: $? = 0
configure:15223: result: yes
configure:15223: checking limits.h presence
configure:15223: g++ -E  conftest.cpp
configure:15223: $? = 0
configure:15223: result: yes
configure:15223: checking for limits.h
configure:15223: result: yes
configure:15223: checking malloc.h usability
configure:15223: g++ -c -g -O2  conftest.cpp >&5
conftest.cpp:67:20: error: malloc.h: No such file or directory
configure:15223: $? = 1
configure: failed program was:
| /* confdefs.h */
| #define PACKAGE_NAME "tesseract"
| #define PACKAGE_TARNAME "tesseract"
| #define PACKAGE_VERSION "3.01"
| #define PACKAGE_STRING "tesseract 3.01"
| #define PACKAGE_BUGREPORT "theraysmith@gmail.com"
| #define PACKAGE_URL ""
| #define PACKAGE_NAME "tesseract"
| #define PACKAGE_VERSION "3.01"
| #define PACKAGE_YEAR "2011"
| #define PACKAGE_DATE "10/16"
| #define STDC_HEADERS 1
| #define HAVE_SYS_TYPES_H 1
| #define HAVE_SYS_STAT_H 1
| #define HAVE_STDLIB_H 1
| #define HAVE_STRING_H 1
| #define HAVE_MEMORY_H 1
| #define HAVE_STRINGS_H 1
| #define HAVE_INTTYPES_H 1
| #define HAVE_STDINT_H 1
| #define HAVE_UNISTD_H 1
| #define HAVE_DLFCN_H 1
| #define LT_OBJDIR ".libs/"
| #define PACKAGE "tesseract"
| #define VERSION "3.01"
| #define HAVE_LIBPTHREAD 1
| #define STDC_HEADERS 1
| #define TIME_WITH_SYS_TIME 1
| #define HAVE_SYS_WAIT_H 1
| #define HAVE_SYS_IPC_H 1
| #define HAVE_SYS_SHM_H 1
| #define HAVE_LIMITS_H 1
| /* end confdefs.h.  */
| #include <stdio.h>
| #ifdef HAVE_SYS_TYPES_H
| # include <sys/types.h>
| #endif
| #ifdef HAVE_SYS_STAT_H
| # include <sys/stat.h>
| #endif
| #ifdef STDC_HEADERS
| # include <stdlib.h>
| # include <stddef.h>
| #else
| # ifdef HAVE_STDLIB_H
| #  include <stdlib.h>
| # endif
| #endif
| #ifdef HAVE_STRING_H
| # if !defined STDC_HEADERS && defined HAVE_MEMORY_H
| #  include <memory.h>
| # endif
| # include <string.h>
| #endif
| #ifdef HAVE_STRINGS_H
| # include <strings.h>
| #endif
| #ifdef HAVE_INTTYPES_H
| # include <inttypes.h>
| #endif
| #ifdef HAVE_STDINT_H
| # include <stdint.h>
| #endif
| #ifdef HAVE_UNISTD_H
| # include <unistd.h>
| #endif
| #include <malloc.h>
configure:15223: result: no
configure:15223: checking malloc.h presence
configure:15223: g++ -E  conftest.cpp
conftest.cpp:34:20: error: malloc.h: No such file or directory
configure:15223: $? = 1
configure: failed program was:
| /* confdefs.h */
| #define PACKAGE_NAME "tesseract"
| #define PACKAGE_TARNAME "tesseract"
| #define PACKAGE_VERSION "3.01"
| #define PACKAGE_STRING "tesseract 3.01"
| #define PACKAGE_BUGREPORT "theraysmith@gmail.com"
| #define PACKAGE_URL ""
| #define PACKAGE_NAME "tesseract"
| #define PACKAGE_VERSION "3.01"
| #define PACKAGE_YEAR "2011"
| #define PACKAGE_DATE "10/16"
| #define STDC_HEADERS 1
| #define HAVE_SYS_TYPES_H 1
| #define HAVE_SYS_STAT_H 1
| #define HAVE_STDLIB_H 1
| #define HAVE_STRING_H 1
| #define HAVE_MEMORY_H 1
| #define HAVE_STRINGS_H 1
| #define HAVE_INTTYPES_H 1
| #define HAVE_STDINT_H 1
| #define HAVE_UNISTD_H 1
| #define HAVE_DLFCN_H 1
| #define LT_OBJDIR ".libs/"
| #define PACKAGE "tesseract"
| #define VERSION "3.01"
| #define HAVE_LIBPTHREAD 1
| #define STDC_HEADERS 1
| #define TIME_WITH_SYS_TIME 1
| #define HAVE_SYS_WAIT_H 1
| #define HAVE_SYS_IPC_H 1
| #define HAVE_SYS_SHM_H 1
| #define HAVE_LIMITS_H 1
| /* end confdefs.h.  */
| #include <malloc.h>
configure:15223: result: no
configure:15223: checking for malloc.h
configure:15223: result: no
configure:15236: checking allheaders.h usability
configure:15236: g++ -c -g -O2  conftest.cpp >&5
conftest.cpp:67:24: error: allheaders.h: No such file or directory
configure:15236: $? = 1
configure: failed program was:
| /* confdefs.h */
| #define PACKAGE_NAME "tesseract"
| #define PACKAGE_TARNAME "tesseract"
| #define PACKAGE_VERSION "3.01"
| #define PACKAGE_STRING "tesseract 3.01"
| #define PACKAGE_BUGREPORT "theraysmith@gmail.com"
| #define PACKAGE_URL ""
| #define PACKAGE_NAME "tesseract"
| #define PACKAGE_VERSION "3.01"
| #define PACKAGE_YEAR "2011"
| #define PACKAGE_DATE "10/16"
| #define STDC_HEADERS 1
| #define HAVE_SYS_TYPES_H 1
| #define HAVE_SYS_STAT_H 1
| #define HAVE_STDLIB_H 1
| #define HAVE_STRING_H 1
| #define HAVE_MEMORY_H 1
| #define HAVE_STRINGS_H 1
| #define HAVE_INTTYPES_H 1
| #define HAVE_STDINT_H 1
| #define HAVE_UNISTD_H 1
| #define HAVE_DLFCN_H 1
| #define LT_OBJDIR ".libs/"
| #define PACKAGE "tesseract"
| #define VERSION "3.01"
| #define HAVE_LIBPTHREAD 1
| #define STDC_HEADERS 1
| #define TIME_WITH_SYS_TIME 1
| #define HAVE_SYS_WAIT_H 1
| #define HAVE_SYS_IPC_H 1
| #define HAVE_SYS_SHM_H 1
| #define HAVE_LIMITS_H 1
| /* end confdefs.h.  */
| #include <stdio.h>
| #ifdef HAVE_SYS_TYPES_H
| # include <sys/types.h>
| #endif
| #ifdef HAVE_SYS_STAT_H
| # include <sys/stat.h>
| #endif
| #ifdef STDC_HEADERS
| # include <stdlib.h>
| # include <stddef.h>
| #else
| # ifdef HAVE_STDLIB_H
| #  include <stdlib.h>
| # endif
| #endif
| #ifdef HAVE_STRING_H
| # if !defined STDC_HEADERS && defined HAVE_MEMORY_H
| #  include <memory.h>
| # endif
| # include <string.h>
| #endif
| #ifdef HAVE_STRINGS_H
| # include <strings.h>
| #endif
| #ifdef HAVE_INTTYPES_H
| # include <inttypes.h>
| #endif
| #ifdef HAVE_STDINT_H
| # include <stdint.h>
| #endif
| #ifdef HAVE_UNISTD_H
| # include <unistd.h>
| #endif
| #include <allheaders.h>
configure:15236: result: no
configure:15236: checking allheaders.h presence
configure:15236: g++ -E  conftest.cpp
conftest.cpp:34:24: error: allheaders.h: No such file or directory
configure:15236: $? = 1
configure: failed program was:
| /* confdefs.h */
| #define PACKAGE_NAME "tesseract"
| #define PACKAGE_TARNAME "tesseract"
| #define PACKAGE_VERSION "3.01"
| #define PACKAGE_STRING "tesseract 3.01"
| #define PACKAGE_BUGREPORT "theraysmith@gmail.com"
| #define PACKAGE_URL ""
| #define PACKAGE_NAME "tesseract"
| #define PACKAGE_VERSION "3.01"
| #define PACKAGE_YEAR "2011"
| #define PACKAGE_DATE "10/16"
| #define STDC_HEADERS 1
| #define HAVE_SYS_TYPES_H 1
| #define HAVE_SYS_STAT_H 1
| #define HAVE_STDLIB_H 1
| #define HAVE_STRING_H 1
| #define HAVE_MEMORY_H 1
| #define HAVE_STRINGS_H 1
| #define HAVE_INTTYPES_H 1
| #define HAVE_STDINT_H 1
| #define HAVE_UNISTD_H 1
| #define HAVE_DLFCN_H 1
| #define LT_OBJDIR ".libs/"
| #define PACKAGE "tesseract"
| #define VERSION "3.01"
| #define HAVE_LIBPTHREAD 1
| #define STDC_HEADERS 1
| #define TIME_WITH_SYS_TIME 1
| #define HAVE_SYS_WAIT_H 1
| #define HAVE_SYS_IPC_H 1
| #define HAVE_SYS_SHM_H 1
| #define HAVE_LIMITS_H 1
| /* end confdefs.h.  */
| #include <allheaders.h>
configure:15236: result: no
configure:15236: checking for allheaders.h
configure:15236: result: no
configure:15247: checking for stdbool.h that conforms to C99
configure:15332: g++ -c -g -O2  conftest.cpp >&5
configure:15332: $? = 0
configure:15339: result: yes
configure:15341: checking for _Bool
configure:15341: g++ -c -g -O2  conftest.cpp >&5
conftest.cpp: In function 'int main()':
conftest.cpp:70: error: '_Bool' was not declared in this scope
configure:15341: $? = 1
configure: failed program was:
| /* confdefs.h */
| #define PACKAGE_NAME "tesseract"
| #define PACKAGE_TARNAME "tesseract"
| #define PACKAGE_VERSION "3.01"
| #define PACKAGE_STRING "tesseract 3.01"
| #define PACKAGE_BUGREPORT "theraysmith@gmail.com"
| #define PACKAGE_URL ""
| #define PACKAGE_NAME "tesseract"
| #define PACKAGE_VERSION "3.01"
| #define PACKAGE_YEAR "2011"
| #define PACKAGE_DATE "10/16"
| #define STDC_HEADERS 1
| #define HAVE_SYS_TYPES_H 1
| #define HAVE_SYS_STAT_H 1
| #define HAVE_STDLIB_H 1
| #define HAVE_STRING_H 1
| #define HAVE_MEMORY_H 1
| #define HAVE_STRINGS_H 1
| #define HAVE_INTTYPES_H 1
| #define HAVE_STDINT_H 1
| #define HAVE_UNISTD_H 1
| #define HAVE_DLFCN_H 1
| #define LT_OBJDIR ".libs/"
| #define PACKAGE "tesseract"
| #define VERSION "3.01"
| #define HAVE_LIBPTHREAD 1
| #define STDC_HEADERS 1
| #define TIME_WITH_SYS_TIME 1
| #define HAVE_SYS_WAIT_H 1
| #define HAVE_SYS_IPC_H 1
| #define HAVE_SYS_SHM_H 1
| #define HAVE_LIMITS_H 1
| /* end confdefs.h.  */
| #include <stdio.h>
| #ifdef HAVE_SYS_TYPES_H
| # include <sys/types.h>
| #endif
| #ifdef HAVE_SYS_STAT_H
| # include <sys/stat.h>
| #endif
| #ifdef STDC_HEADERS
| # include <stdlib.h>
| # include <stddef.h>
| #else
| # ifdef HAVE_STDLIB_H
| #  include <stdlib.h>
| # endif
| #endif
| #ifdef HAVE_STRING_H
| # if !defined STDC_HEADERS && defined HAVE_MEMORY_H
| #  include <memory.h>
| # endif
| # include <string.h>
| #endif
| #ifdef HAVE_STRINGS_H
| # include <strings.h>
| #endif
| #ifdef HAVE_INTTYPES_H
| # include <inttypes.h>
| #endif
| #ifdef HAVE_STDINT_H
| # include <stdint.h>
| #endif
| #ifdef HAVE_UNISTD_H
| # include <unistd.h>
| #endif
| int
| main ()
| {
| if (sizeof (_Bool))
| 	 return 0;
|   ;
|   return 0;
| }
configure:15341: result: no
configure:15359: checking whether #! works in shell scripts
configure:15376: result: yes
configure:15387: checking for special C compiler options needed for large files
configure:15432: result: no
configure:15438: checking for _FILE_OFFSET_BITS value needed for large files
configure:15463: g++ -c -g -O2  conftest.cpp >&5
configure:15463: $? = 0
configure:15495: result: no
configure:15584: checking for wchar_t
configure:15584: g++ -c -g -O2  conftest.cpp >&5
configure:15584: $? = 0
configure:15584: g++ -c -g -O2  conftest.cpp >&5
conftest.cpp: In function 'int main()':
conftest.cpp:71: error: expected primary-expression before 'wchar_t'
conftest.cpp:71: error: expected `)' before 'wchar_t'
conftest.cpp:72: error: expected `)' before ';' token
conftest.cpp:72: error: expected `)' before ';' token
configure:15584: $? = 1
configure: failed program was:
| /* confdefs.h */
| #define PACKAGE_NAME "tesseract"
| #define PACKAGE_TARNAME "tesseract"
| #define PACKAGE_VERSION "3.01"
| #define PACKAGE_STRING "tesseract 3.01"
| #define PACKAGE_BUGREPORT "theraysmith@gmail.com"
| #define PACKAGE_URL ""
| #define PACKAGE_NAME "tesseract"
| #define PACKAGE_VERSION "3.01"
| #define PACKAGE_YEAR "2011"
| #define PACKAGE_DATE "10/16"
| #define STDC_HEADERS 1
| #define HAVE_SYS_TYPES_H 1
| #define HAVE_SYS_STAT_H 1
| #define HAVE_STDLIB_H 1
| #define HAVE_STRING_H 1
| #define HAVE_MEMORY_H 1
| #define HAVE_STRINGS_H 1
| #define HAVE_INTTYPES_H 1
| #define HAVE_STDINT_H 1
| #define HAVE_UNISTD_H 1
| #define HAVE_DLFCN_H 1
| #define LT_OBJDIR ".libs/"
| #define PACKAGE "tesseract"
| #define VERSION "3.01"
| #define HAVE_LIBPTHREAD 1
| #define STDC_HEADERS 1
| #define TIME_WITH_SYS_TIME 1
| #define HAVE_SYS_WAIT_H 1
| #define HAVE_SYS_IPC_H 1
| #define HAVE_SYS_SHM_H 1
| #define HAVE_LIMITS_H 1
| #define HAVE_STDBOOL_H 1
| /* end confdefs.h.  */
| #include <stdio.h>
| #ifdef HAVE_SYS_TYPES_H
| # include <sys/types.h>
| #endif
| #ifdef HAVE_SYS_STAT_H
| # include <sys/stat.h>
| #endif
| #ifdef STDC_HEADERS
| # include <stdlib.h>
| # include <stddef.h>
| #else
| # ifdef HAVE_STDLIB_H
| #  include <stdlib.h>
| # endif
| #endif
| #ifdef HAVE_STRING_H
| # if !defined STDC_HEADERS && defined HAVE_MEMORY_H
| #  include <memory.h>
| # endif
| # include <string.h>
| #endif
| #ifdef HAVE_STRINGS_H
| # include <strings.h>
| #endif
| #ifdef HAVE_INTTYPES_H
| # include <inttypes.h>
| #endif
| #ifdef HAVE_STDINT_H
| # include <stdint.h>
| #endif
| #ifdef HAVE_UNISTD_H
| # include <unistd.h>
| #endif
| int
| main ()
| {
| if (sizeof ((wchar_t)))
| 	    return 0;
|   ;
|   return 0;
| }
configure:15584: result: yes
configure:15594: checking for long long int
configure:15594: g++ -c -g -O2  conftest.cpp >&5
configure:15594: $? = 0
configure:15594: g++ -c -g -O2  conftest.cpp >&5
conftest.cpp: In function 'int main()':
conftest.cpp:72: error: expected primary-expression before 'long'
conftest.cpp:72: error: expected `)' before 'long'
conftest.cpp:73: error: expected `)' before ';' token
conftest.cpp:73: error: expected `)' before ';' token
configure:15594: $? = 1
configure: failed program was:
| /* confdefs.h */
| #define PACKAGE_NAME "tesseract"
| #define PACKAGE_TARNAME "tesseract"
| #define PACKAGE_VERSION "3.01"
| #define PACKAGE_STRING "tesseract 3.01"
| #define PACKAGE_BUGREPORT "theraysmith@gmail.com"
| #define PACKAGE_URL ""
| #define PACKAGE_NAME "tesseract"
| #define PACKAGE_VERSION "3.01"
| #define PACKAGE_YEAR "2011"
| #define PACKAGE_DATE "10/16"
| #define STDC_HEADERS 1
| #define HAVE_SYS_TYPES_H 1
| #define HAVE_SYS_STAT_H 1
| #define HAVE_STDLIB_H 1
| #define HAVE_STRING_H 1
| #define HAVE_MEMORY_H 1
| #define HAVE_STRINGS_H 1
| #define HAVE_INTTYPES_H 1
| #define HAVE_STDINT_H 1
| #define HAVE_UNISTD_H 1
| #define HAVE_DLFCN_H 1
| #define LT_OBJDIR ".libs/"
| #define PACKAGE "tesseract"
| #define VERSION "3.01"
| #define HAVE_LIBPTHREAD 1
| #define STDC_HEADERS 1
| #define TIME_WITH_SYS_TIME 1
| #define HAVE_SYS_WAIT_H 1
| #define HAVE_SYS_IPC_H 1
| #define HAVE_SYS_SHM_H 1
| #define HAVE_LIMITS_H 1
| #define HAVE_STDBOOL_H 1
| #define HAVE_WCHAR_T 1
| /* end confdefs.h.  */
| #include <stdio.h>
| #ifdef HAVE_SYS_TYPES_H
| # include <sys/types.h>
| #endif
| #ifdef HAVE_SYS_STAT_H
| # include <sys/stat.h>
| #endif
| #ifdef STDC_HEADERS
| # include <stdlib.h>
| # include <stddef.h>
| #else
| # ifdef HAVE_STDLIB_H
| #  include <stdlib.h>
| # endif
| #endif
| #ifdef HAVE_STRING_H
| # if !defined STDC_HEADERS && defined HAVE_MEMORY_H
| #  include <memory.h>
| # endif
| # include <string.h>
| #endif
| #ifdef HAVE_STRINGS_H
| # include <strings.h>
| #endif
| #ifdef HAVE_INTTYPES_H
| # include <inttypes.h>
| #endif
| #ifdef HAVE_STDINT_H
| # include <stdint.h>
| #endif
| #ifdef HAVE_UNISTD_H
| # include <unistd.h>
| #endif
| int
| main ()
| {
| if (sizeof ((long long int)))
| 	    return 0;
|   ;
|   return 0;
| }
configure:15594: result: yes
configure:15604: checking for mbstate_t
configure:15604: g++ -c -g -O2  conftest.cpp >&5
configure:15604: $? = 0
configure:15604: g++ -c -g -O2  conftest.cpp >&5
conftest.cpp: In function 'int main()':
conftest.cpp:42: error: expected primary-expression before ')' token
configure:15604: $? = 1
configure: failed program was:
| /* confdefs.h */
| #define PACKAGE_NAME "tesseract"
| #define PACKAGE_TARNAME "tesseract"
| #define PACKAGE_VERSION "3.01"
| #define PACKAGE_STRING "tesseract 3.01"
| #define PACKAGE_BUGREPORT "theraysmith@gmail.com"
| #define PACKAGE_URL ""
| #define PACKAGE_NAME "tesseract"
| #define PACKAGE_VERSION "3.01"
| #define PACKAGE_YEAR "2011"
| #define PACKAGE_DATE "10/16"
| #define STDC_HEADERS 1
| #define HAVE_SYS_TYPES_H 1
| #define HAVE_SYS_STAT_H 1
| #define HAVE_STDLIB_H 1
| #define HAVE_STRING_H 1
| #define HAVE_MEMORY_H 1
| #define HAVE_STRINGS_H 1
| #define HAVE_INTTYPES_H 1
| #define HAVE_STDINT_H 1
| #define HAVE_UNISTD_H 1
| #define HAVE_DLFCN_H 1
| #define LT_OBJDIR ".libs/"
| #define PACKAGE "tesseract"
| #define VERSION "3.01"
| #define HAVE_LIBPTHREAD 1
| #define STDC_HEADERS 1
| #define TIME_WITH_SYS_TIME 1
| #define HAVE_SYS_WAIT_H 1
| #define HAVE_SYS_IPC_H 1
| #define HAVE_SYS_SHM_H 1
| #define HAVE_LIMITS_H 1
| #define HAVE_STDBOOL_H 1
| #define HAVE_WCHAR_T 1
| #define HAVE_LONG_LONG_INT 1
| /* end confdefs.h.  */
| #include "wchar.h"
| 
| int
| main ()
| {
| if (sizeof ((mbstate_t)))
| 	    return 0;
|   ;
|   return 0;
| }
configure:15604: result: yes
configure:15618: checking for size_t
configure:15618: g++ -c -g -O2  conftest.cpp >&5
configure:15618: $? = 0
configure:15618: g++ -c -g -O2  conftest.cpp >&5
conftest.cpp: In function 'int main()':
conftest.cpp:74: error: expected primary-expression before ')' token
configure:15618: $? = 1
configure: failed program was:
| /* confdefs.h */
| #define PACKAGE_NAME "tesseract"
| #define PACKAGE_TARNAME "tesseract"
| #define PACKAGE_VERSION "3.01"
| #define PACKAGE_STRING "tesseract 3.01"
| #define PACKAGE_BUGREPORT "theraysmith@gmail.com"
| #define PACKAGE_URL ""
| #define PACKAGE_NAME "tesseract"
| #define PACKAGE_VERSION "3.01"
| #define PACKAGE_YEAR "2011"
| #define PACKAGE_DATE "10/16"
| #define STDC_HEADERS 1
| #define HAVE_SYS_TYPES_H 1
| #define HAVE_SYS_STAT_H 1
| #define HAVE_STDLIB_H 1
| #define HAVE_STRING_H 1
| #define HAVE_MEMORY_H 1
| #define HAVE_STRINGS_H 1
| #define HAVE_INTTYPES_H 1
| #define HAVE_STDINT_H 1
| #define HAVE_UNISTD_H 1
| #define HAVE_DLFCN_H 1
| #define LT_OBJDIR ".libs/"
| #define PACKAGE "tesseract"
| #define VERSION "3.01"
| #define HAVE_LIBPTHREAD 1
| #define STDC_HEADERS 1
| #define TIME_WITH_SYS_TIME 1
| #define HAVE_SYS_WAIT_H 1
| #define HAVE_SYS_IPC_H 1
| #define HAVE_SYS_SHM_H 1
| #define HAVE_LIMITS_H 1
| #define HAVE_STDBOOL_H 1
| #define HAVE_WCHAR_T 1
| #define HAVE_LONG_LONG_INT 1
| #define HAVE_MBSTATE_T 1
| /* end confdefs.h.  */
| #include <stdio.h>
| #ifdef HAVE_SYS_TYPES_H
| # include <sys/types.h>
| #endif
| #ifdef HAVE_SYS_STAT_H
| # include <sys/stat.h>
| #endif
| #ifdef STDC_HEADERS
| # include <stdlib.h>
| # include <stddef.h>
| #else
| # ifdef HAVE_STDLIB_H
| #  include <stdlib.h>
| # endif
| #endif
| #ifdef HAVE_STRING_H
| # if !defined STDC_HEADERS && defined HAVE_MEMORY_H
| #  include <memory.h>
| # endif
| # include <string.h>
| #endif
| #ifdef HAVE_STRINGS_H
| # include <strings.h>
| #endif
| #ifdef HAVE_INTTYPES_H
| # include <inttypes.h>
| #endif
| #ifdef HAVE_STDINT_H
| # include <stdint.h>
| #endif
| #ifdef HAVE_UNISTD_H
| # include <unistd.h>
| #endif
| int
| main ()
| {
| if (sizeof ((size_t)))
| 	    return 0;
|   ;
|   return 0;
| }
configure:15618: result: yes
configure:15642: checking for stdlib.h
configure:15642: result: yes
configure:15642: checking for unistd.h
configure:15642: result: yes
configure:15642: checking for sys/param.h
configure:15642: g++ -c -g -O2  conftest.cpp >&5
configure:15642: $? = 0
configure:15642: result: yes
configure:15663: checking for getpagesize
configure:15663: g++ -o conftest -g -O2   conftest.cpp -lpthread  >&5
configure:15663: $? = 0
configure:15663: result: yes
configure:15672: checking for working mmap
configure:15819: g++ -o conftest -g -O2   conftest.cpp -lpthread  >&5
configure:15819: $? = 0
configure:15819: ./conftest
configure:15819: $? = 0
configure:15829: result: yes
configure:15838: checking for pid_t
configure:15838: g++ -c -g -O2  conftest.cpp >&5
configure:15838: $? = 0
configure:15838: g++ -c -g -O2  conftest.cpp >&5
conftest.cpp: In function 'int main()':
conftest.cpp:79: error: expected primary-expression before ')' token
configure:15838: $? = 1
configure: failed program was:
| /* confdefs.h */
| #define PACKAGE_NAME "tesseract"
| #define PACKAGE_TARNAME "tesseract"
| #define PACKAGE_VERSION "3.01"
| #define PACKAGE_STRING "tesseract 3.01"
| #define PACKAGE_BUGREPORT "theraysmith@gmail.com"
| #define PACKAGE_URL ""
| #define PACKAGE_NAME "tesseract"
| #define PACKAGE_VERSION "3.01"
| #define PACKAGE_YEAR "2011"
| #define PACKAGE_DATE "10/16"
| #define STDC_HEADERS 1
| #define HAVE_SYS_TYPES_H 1
| #define HAVE_SYS_STAT_H 1
| #define HAVE_STDLIB_H 1
| #define HAVE_STRING_H 1
| #define HAVE_MEMORY_H 1
| #define HAVE_STRINGS_H 1
| #define HAVE_INTTYPES_H 1
| #define HAVE_STDINT_H 1
| #define HAVE_UNISTD_H 1
| #define HAVE_DLFCN_H 1
| #define LT_OBJDIR ".libs/"
| #define PACKAGE "tesseract"
| #define VERSION "3.01"
| #define HAVE_LIBPTHREAD 1
| #define STDC_HEADERS 1
| #define TIME_WITH_SYS_TIME 1
| #define HAVE_SYS_WAIT_H 1
| #define HAVE_SYS_IPC_H 1
| #define HAVE_SYS_SHM_H 1
| #define HAVE_LIMITS_H 1
| #define HAVE_STDBOOL_H 1
| #define HAVE_WCHAR_T 1
| #define HAVE_LONG_LONG_INT 1
| #define HAVE_MBSTATE_T 1
| #define HAVE_STDLIB_H 1
| #define HAVE_UNISTD_H 1
| #define HAVE_SYS_PARAM_H 1
| #define HAVE_GETPAGESIZE 1
| #define HAVE_MMAP 1
| /* end confdefs.h.  */
| #include <stdio.h>
| #ifdef HAVE_SYS_TYPES_H
| # include <sys/types.h>
| #endif
| #ifdef HAVE_SYS_STAT_H
| # include <sys/stat.h>
| #endif
| #ifdef STDC_HEADERS
| # include <stdlib.h>
| # include <stddef.h>
| #else
| # ifdef HAVE_STDLIB_H
| #  include <stdlib.h>
| # endif
| #endif
| #ifdef HAVE_STRING_H
| # if !defined STDC_HEADERS && defined HAVE_MEMORY_H
| #  include <memory.h>
| # endif
| # include <string.h>
| #endif
| #ifdef HAVE_STRINGS_H
| # include <strings.h>
| #endif
| #ifdef HAVE_INTTYPES_H
| # include <inttypes.h>
| #endif
| #ifdef HAVE_STDINT_H
| # include <stdint.h>
| #endif
| #ifdef HAVE_UNISTD_H
| # include <unistd.h>
| #endif
| int
| main ()
| {
| if (sizeof ((pid_t)))
| 	    return 0;
|   ;
|   return 0;
| }
configure:15838: result: yes
configure:15851: checking vfork.h usability
configure:15851: g++ -c -g -O2  conftest.cpp >&5
conftest.cpp:76:19: error: vfork.h: No such file or directory
configure:15851: $? = 1
configure: failed program was:
| /* confdefs.h */
| #define PACKAGE_NAME "tesseract"
| #define PACKAGE_TARNAME "tesseract"
| #define PACKAGE_VERSION "3.01"
| #define PACKAGE_STRING "tesseract 3.01"
| #define PACKAGE_BUGREPORT "theraysmith@gmail.com"
| #define PACKAGE_URL ""
| #define PACKAGE_NAME "tesseract"
| #define PACKAGE_VERSION "3.01"
| #define PACKAGE_YEAR "2011"
| #define PACKAGE_DATE "10/16"
| #define STDC_HEADERS 1
| #define HAVE_SYS_TYPES_H 1
| #define HAVE_SYS_STAT_H 1
| #define HAVE_STDLIB_H 1
| #define HAVE_STRING_H 1
| #define HAVE_MEMORY_H 1
| #define HAVE_STRINGS_H 1
| #define HAVE_INTTYPES_H 1
| #define HAVE_STDINT_H 1
| #define HAVE_UNISTD_H 1
| #define HAVE_DLFCN_H 1
| #define LT_OBJDIR ".libs/"
| #define PACKAGE "tesseract"
| #define VERSION "3.01"
| #define HAVE_LIBPTHREAD 1
| #define STDC_HEADERS 1
| #define TIME_WITH_SYS_TIME 1
| #define HAVE_SYS_WAIT_H 1
| #define HAVE_SYS_IPC_H 1
| #define HAVE_SYS_SHM_H 1
| #define HAVE_LIMITS_H 1
| #define HAVE_STDBOOL_H 1
| #define HAVE_WCHAR_T 1
| #define HAVE_LONG_LONG_INT 1
| #define HAVE_MBSTATE_T 1
| #define HAVE_STDLIB_H 1
| #define HAVE_UNISTD_H 1
| #define HAVE_SYS_PARAM_H 1
| #define HAVE_GETPAGESIZE 1
| #define HAVE_MMAP 1
| /* end confdefs.h.  */
| #include <stdio.h>
| #ifdef HAVE_SYS_TYPES_H
| # include <sys/types.h>
| #endif
| #ifdef HAVE_SYS_STAT_H
| # include <sys/stat.h>
| #endif
| #ifdef STDC_HEADERS
| # include <stdlib.h>
| # include <stddef.h>
| #else
| # ifdef HAVE_STDLIB_H
| #  include <stdlib.h>
| # endif
| #endif
| #ifdef HAVE_STRING_H
| # if !defined STDC_HEADERS && defined HAVE_MEMORY_H
| #  include <memory.h>
| # endif
| # include <string.h>
| #endif
| #ifdef HAVE_STRINGS_H
| # include <strings.h>
| #endif
| #ifdef HAVE_INTTYPES_H
| # include <inttypes.h>
| #endif
| #ifdef HAVE_STDINT_H
| # include <stdint.h>
| #endif
| #ifdef HAVE_UNISTD_H
| # include <unistd.h>
| #endif
| #include <vfork.h>
configure:15851: result: no
configure:15851: checking vfork.h presence
configure:15851: g++ -E  conftest.cpp
conftest.cpp:43:19: error: vfork.h: No such file or directory
configure:15851: $? = 1
configure: failed program was:
| /* confdefs.h */
| #define PACKAGE_NAME "tesseract"
| #define PACKAGE_TARNAME "tesseract"
| #define PACKAGE_VERSION "3.01"
| #define PACKAGE_STRING "tesseract 3.01"
| #define PACKAGE_BUGREPORT "theraysmith@gmail.com"
| #define PACKAGE_URL ""
| #define PACKAGE_NAME "tesseract"
| #define PACKAGE_VERSION "3.01"
| #define PACKAGE_YEAR "2011"
| #define PACKAGE_DATE "10/16"
| #define STDC_HEADERS 1
| #define HAVE_SYS_TYPES_H 1
| #define HAVE_SYS_STAT_H 1
| #define HAVE_STDLIB_H 1
| #define HAVE_STRING_H 1
| #define HAVE_MEMORY_H 1
| #define HAVE_STRINGS_H 1
| #define HAVE_INTTYPES_H 1
| #define HAVE_STDINT_H 1
| #define HAVE_UNISTD_H 1
| #define HAVE_DLFCN_H 1
| #define LT_OBJDIR ".libs/"
| #define PACKAGE "tesseract"
| #define VERSION "3.01"
| #define HAVE_LIBPTHREAD 1
| #define STDC_HEADERS 1
| #define TIME_WITH_SYS_TIME 1
| #define HAVE_SYS_WAIT_H 1
| #define HAVE_SYS_IPC_H 1
| #define HAVE_SYS_SHM_H 1
| #define HAVE_LIMITS_H 1
| #define HAVE_STDBOOL_H 1
| #define HAVE_WCHAR_T 1
| #define HAVE_LONG_LONG_INT 1
| #define HAVE_MBSTATE_T 1
| #define HAVE_STDLIB_H 1
| #define HAVE_UNISTD_H 1
| #define HAVE_SYS_PARAM_H 1
| #define HAVE_GETPAGESIZE 1
| #define HAVE_MMAP 1
| /* end confdefs.h.  */
| #include <vfork.h>
configure:15851: result: no
configure:15851: checking for vfork.h
configure:15851: result: no
configure:15864: checking for fork
configure:15864: g++ -o conftest -g -O2   conftest.cpp -lpthread  >&5
configure:15864: $? = 0
configure:15864: result: yes
configure:15864: checking for vfork
configure:15864: g++ -o conftest -g -O2   conftest.cpp -lpthread  >&5
configure:15864: $? = 0
configure:15864: result: yes
configure:15875: checking for working fork
configure:15897: g++ -o conftest -g -O2   conftest.cpp -lpthread  >&5
configure:15897: $? = 0
configure:15897: ./conftest
configure:15897: $? = 0
configure:15907: result: yes
configure:15928: checking for working vfork
configure:16038: result: yes
configure:16066: checking for strerror
configure:16066: g++ -o conftest -g -O2   conftest.cpp -lpthread  >&5
configure:16066: $? = 0
configure:16066: result: yes
configure:16066: checking for vsnprintf
configure:16066: g++ -o conftest -g -O2   conftest.cpp -lpthread  >&5
configure:16066: $? = 0
configure:16066: result: yes
configure:16078: checking for gethostname
configure:16078: g++ -o conftest -g -O2   conftest.cpp -lpthread  >&5
configure:16078: $? = 0
configure:16078: result: yes
configure:16090: checking for strchr
configure:16090: g++ -o conftest -g -O2   conftest.cpp -lpthread  >&5
configure:16090: $? = 0
configure:16090: result: yes
configure:16090: checking for memcpy
configure:16090: g++ -o conftest -g -O2   conftest.cpp -lpthread  >&5
configure:16090: $? = 0
configure:16090: result: yes
configure:16103: checking for acos
configure:16103: g++ -o conftest -g -O2   conftest.cpp -lpthread  >&5
configure:16103: $? = 0
configure:16103: result: yes
configure:16103: checking for asin
configure:16103: g++ -o conftest -g -O2   conftest.cpp -lpthread  >&5
configure:16103: $? = 0
configure:16103: result: yes
configure:16119: checking for leptonica
configure:16138: result: yes
configure:16140: checking for pixCreate in -llept
configure:16165: g++ -o conftest -g -O2  -I/usr/local/include/leptonica  conftest.cpp -llept  -lpthread  >&5
configure:16165: $? = 0
configure:16174: result: yes
configure:16399: creating ./config.status

## ---------------------- ##
## Running config.status. ##
## ---------------------- ##

This file was extended by tesseract config.status 3.01, which was
generated by GNU Autoconf 2.65.  Invocation command line was

  CONFIG_FILES    = 
  CONFIG_HEADERS  = 
  CONFIG_LINKS    = 
  CONFIG_COMMANDS = 
  $ ./config.status 

on quad2-711.wireless-resnet.upenn.edu

config.status:1182: error: cannot find input file: `Makefile.in'

## ---------------- ##
## Cache variables. ##
## ---------------- ##

ac_cv_build=i386-apple-darwin11.3.0
ac_cv_c_bigendian=no
ac_cv_c_compiler_gnu=yes
ac_cv_cxx_compiler_gnu=yes
ac_cv_env_CCC_set=
ac_cv_env_CCC_value=
ac_cv_env_CC_set=
ac_cv_env_CC_value=
ac_cv_env_CFLAGS_set=
ac_cv_env_CFLAGS_value=
ac_cv_env_CPPFLAGS_set=
ac_cv_env_CPPFLAGS_value=
ac_cv_env_CPP_set=
ac_cv_env_CPP_value=
ac_cv_env_CXXCPP_set=
ac_cv_env_CXXCPP_value=
ac_cv_env_CXXFLAGS_set=
ac_cv_env_CXXFLAGS_value=
ac_cv_env_CXX_set=
ac_cv_env_CXX_value=
ac_cv_env_LDFLAGS_set=
ac_cv_env_LDFLAGS_value=
ac_cv_env_LIBLEPT_HEADERSDIR_set=
ac_cv_env_LIBLEPT_HEADERSDIR_value=
ac_cv_env_LIBS_set=
ac_cv_env_LIBS_value=
ac_cv_env_build_alias_set=
ac_cv_env_build_alias_value=
ac_cv_env_host_alias_set=
ac_cv_env_host_alias_value=
ac_cv_env_target_alias_set=
ac_cv_env_target_alias_value=
ac_cv_func_acos=yes
ac_cv_func_asin=yes
ac_cv_func_fork=yes
ac_cv_func_fork_works=yes
ac_cv_func_gethostname=yes
ac_cv_func_getpagesize=yes
ac_cv_func_memcpy=yes
ac_cv_func_mmap_fixed_mapped=yes
ac_cv_func_strchr=yes
ac_cv_func_strerror=yes
ac_cv_func_vfork=yes
ac_cv_func_vfork_works=yes
ac_cv_func_vsnprintf=yes
ac_cv_header_allheaders_h=no
ac_cv_header_dlfcn_h=yes
ac_cv_header_inttypes_h=yes
ac_cv_header_limits_h=yes
ac_cv_header_malloc_h=no
ac_cv_header_memory_h=yes
ac_cv_header_stdbool_h=yes
ac_cv_header_stdc=yes
ac_cv_header_stdint_h=yes
ac_cv_header_stdlib_h=yes
ac_cv_header_string_h=yes
ac_cv_header_strings_h=yes
ac_cv_header_sys_ipc_h=yes
ac_cv_header_sys_param_h=yes
ac_cv_header_sys_shm_h=yes
ac_cv_header_sys_stat_h=yes
ac_cv_header_sys_types_h=yes
ac_cv_header_sys_wait_h=yes
ac_cv_header_time=yes
ac_cv_header_unistd_h=yes
ac_cv_header_vfork_h=no
ac_cv_host=i386-apple-darwin11.3.0
ac_cv_lib_lept_pixCreate=yes
ac_cv_lib_pthread_sem_init=yes
ac_cv_objext=o
ac_cv_path_EGREP='/usr/bin/grep -E'
ac_cv_path_FGREP='/usr/bin/grep -F'
ac_cv_path_GREP=/usr/bin/grep
ac_cv_path_SED=/usr/bin/sed
ac_cv_path_install='/usr/bin/install -c'
ac_cv_prog_AWK=awk
ac_cv_prog_CPP='gcc -E'
ac_cv_prog_CXXCPP='g++ -E'
ac_cv_prog_ac_ct_AR=ar
ac_cv_prog_ac_ct_CC=gcc
ac_cv_prog_ac_ct_CXX=g++
ac_cv_prog_ac_ct_DSYMUTIL=dsymutil
ac_cv_prog_ac_ct_LIPO=lipo
ac_cv_prog_ac_ct_NMEDIT=nmedit
ac_cv_prog_ac_ct_OTOOL=otool
ac_cv_prog_ac_ct_RANLIB=ranlib
ac_cv_prog_ac_ct_STRIP=strip
ac_cv_prog_cc_c89=
ac_cv_prog_cc_g=yes
ac_cv_prog_cxx_g=yes
ac_cv_prog_make_make_set=yes
ac_cv_sys_file_offset_bits=no
ac_cv_sys_interpreter=yes
ac_cv_sys_largefile_CC=no
ac_cv_type__Bool=no
ac_cv_type_long_long_int=yes
ac_cv_type_mbstate_t=yes
ac_cv_type_pid_t=yes
ac_cv_type_size_t=yes
ac_cv_type_wchar_t=yes
am_cv_CC_dependencies_compiler_type=gcc3
am_cv_CXX_dependencies_compiler_type=gcc3
lt_cv_apple_cc_single_mod=yes
lt_cv_deplibs_check_method=pass_all
lt_cv_file_magic_cmd='$MAGIC_CMD'
lt_cv_file_magic_test_file=
lt_cv_ld_exported_symbols_list=yes
lt_cv_ld_reload_flag=-r
lt_cv_nm_interface='BSD nm'
lt_cv_objdir=.libs
lt_cv_path_LD=/usr/llvm-gcc-4.2/libexec/gcc/i686-apple-darwin11/4.2.1/ld
lt_cv_path_LDCXX=/usr/llvm-gcc-4.2/libexec/gcc/i686-apple-darwin11/4.2.1/ld
lt_cv_path_NM=/usr/bin/nm
lt_cv_prog_compiler_c_o=yes
lt_cv_prog_compiler_c_o_CXX=yes
lt_cv_prog_compiler_pic_works=yes
lt_cv_prog_compiler_pic_works_CXX=yes
lt_cv_prog_compiler_rtti_exceptions=no
lt_cv_prog_compiler_static_works=no
lt_cv_prog_compiler_static_works_CXX=no
lt_cv_prog_gnu_ld=no
lt_cv_prog_gnu_ldcxx=no
lt_cv_sys_global_symbol_pipe='sed -n -e '\''s/^.*[	 ]\([BCDEGRST][BCDEGRST]*\)[	 ][	 ]*_\([_A-Za-z][_A-Za-z0-9]*\)$/\1 _\2 \2/p'\'''
lt_cv_sys_global_symbol_to_c_name_address='sed -n -e '\''s/^: \([^ ]*\) $/  {\"\1\", (void *) 0},/p'\'' -e '\''s/^[BCDEGRST]* \([^ ]*\) \([^ ]*\)$/  {"\2", (void *) \&\2},/p'\'''
lt_cv_sys_global_symbol_to_c_name_address_lib_prefix='sed -n -e '\''s/^: \([^ ]*\) $/  {\"\1\", (void *) 0},/p'\'' -e '\''s/^[BCDEGRST]* \([^ ]*\) \(lib[^ ]*\)$/  {"\2", (void *) \&\2},/p'\'' -e '\''s/^[BCDEGRST]* \([^ ]*\) \([^ ]*\)$/  {"lib\2", (void *) \&\2},/p'\'''
lt_cv_sys_global_symbol_to_cdecl='sed -n -e '\''s/^T .* \(.*\)$/extern int \1();/p'\'' -e '\''s/^[BCDEGRST]* .* \(.*\)$/extern char \1;/p'\'''
lt_cv_sys_max_cmd_len=196608

## ----------------- ##
## Output variables. ##
## ----------------- ##

ACLOCAL='${SHELL} /Users/Andrei/Documents/Work/Penn_Android_Research/text-detection/jni/com_googlecode_tesseract_android/src/config/missing --run aclocal-1.11'
AMDEPBACKSLASH='\'
AMDEP_FALSE='#'
AMDEP_TRUE=''
AMTAR='${SHELL} /Users/Andrei/Documents/Work/Penn_Android_Research/text-detection/jni/com_googlecode_tesseract_android/src/config/missing --run tar'
AR='ar'
AUTOCONF='${SHELL} /Users/Andrei/Documents/Work/Penn_Android_Research/text-detection/jni/com_googlecode_tesseract_android/src/config/missing --run autoconf'
AUTOHEADER='${SHELL} /Users/Andrei/Documents/Work/Penn_Android_Research/text-detection/jni/com_googlecode_tesseract_android/src/config/missing --run autoheader'
AUTOMAKE='${SHELL} /Users/Andrei/Documents/Work/Penn_Android_Research/text-detection/jni/com_googlecode_tesseract_android/src/config/missing --run automake-1.11'
AWK='awk'
CC='gcc'
CCDEPMODE='depmode=gcc3'
CFLAGS='-g -O2'
CPP='gcc -E'
CPPFLAGS=' -I/usr/local/include/leptonica'
CXX='g++'
CXXCPP='g++ -E'
CXXDEPMODE='depmode=gcc3'
CXXFLAGS='-g -O2'
CYGPATH_W='echo'
DEFS='-DHAVE_CONFIG_H'
DEPDIR='.deps'
DSYMUTIL='dsymutil'
DUMPBIN=''
ECHO_C='\c'
ECHO_N=''
ECHO_T=''
EGREP='/usr/bin/grep -E'
EXEEXT=''
FGREP='/usr/bin/grep -F'
GENERIC_API_VERSION='3.1'
GENERIC_LIBRARY_NAME='tesseract'
GENERIC_LIBRARY_VERSION='3:1'
GENERIC_MAJOR_VERSION='3'
GENERIC_RELEASE='3.1'
GENERIC_VERSION='3.1.0'
GREP='/usr/bin/grep'
INSTALL_DATA='${INSTALL} -m 644'
INSTALL_PROGRAM='${INSTALL}'
INSTALL_SCRIPT='${INSTALL}'
INSTALL_STRIP_PROGRAM='$(install_sh) -c -s'
LD='/usr/llvm-gcc-4.2/libexec/gcc/i686-apple-darwin11/4.2.1/ld'
LDFLAGS=''
LIBLEPT_HEADERSDIR='/usr/local/include /usr/include'
LIBOBJS=''
LIBS='-llept -lpthread '
LIBTOOL='$(SHELL) $(top_builddir)/libtool'
LIPO='lipo'
LN_S='ln -s'
LTLIBOBJS=''
MAINT='#'
MAINTAINER_MODE_FALSE=''
MAINTAINER_MODE_TRUE='#'
MAKEINFO='${SHELL} /Users/Andrei/Documents/Work/Penn_Android_Research/text-detection/jni/com_googlecode_tesseract_android/src/config/missing --run makeinfo'
MKDIR_P='config/install-sh -c -d'
NM='/usr/bin/nm'
NMEDIT='nmedit'
OBJDUMP='false'
OBJEXT='o'
OTOOL64=':'
OTOOL='otool'
PACKAGE='tesseract'
PACKAGE_BUGREPORT='theraysmith@gmail.com'
PACKAGE_DATE='10/16'
PACKAGE_NAME='tesseract'
PACKAGE_STRING='tesseract 3.01'
PACKAGE_TARNAME='tesseract'
PACKAGE_URL=''
PACKAGE_VERSION='3.01'
PACKAGE_YEAR='2011'
PATH_SEPARATOR=':'
RANLIB='ranlib'
SED='/usr/bin/sed'
SET_MAKE=''
SHELL='/bin/sh'
STRIP='strip'
USING_CL_FALSE=''
USING_CL_TRUE='#'
USING_MULTIPLELIBS_FALSE=''
USING_MULTIPLELIBS_TRUE='#'
VERSION='3.01'
ac_ct_CC='gcc'
ac_ct_CXX='g++'
ac_ct_DUMPBIN=''
am__EXEEXT_FALSE=''
am__EXEEXT_TRUE='#'
am__fastdepCC_FALSE='#'
am__fastdepCC_TRUE=''
am__fastdepCXX_FALSE='#'
am__fastdepCXX_TRUE=''
am__include='include'
am__isrc=''
am__leading_dot='.'
am__quote=''
am__tar='${AMTAR} chof - "$$tardir"'
am__untar='${AMTAR} xf -'
bindir='${exec_prefix}/bin'
build='i386-apple-darwin11.3.0'
build_alias=''
build_cpu='i386'
build_os='darwin11.3.0'
build_vendor='apple'
datadir='${datarootdir}'
datarootdir='${prefix}/share'
docdir='${datarootdir}/doc/${PACKAGE_TARNAME}'
dvidir='${docdir}'
exec_prefix='${prefix}'
host='i386-apple-darwin11.3.0'
host_alias=''
host_cpu='i386'
host_os='darwin11.3.0'
host_vendor='apple'
htmldir='${docdir}'
includedir='${prefix}/include/tesseract'
infodir='${datarootdir}/info'
install_sh='${SHELL} /Users/Andrei/Documents/Work/Penn_Android_Research/text-detection/jni/com_googlecode_tesseract_android/src/config/install-sh'
libdir='${exec_prefix}/lib'
libexecdir='${exec_prefix}/libexec'
localedir='${datarootdir}/locale'
localstatedir='${prefix}/var'
lt_ECHO='/bin/echo'
mandir='${datarootdir}/man'
mkdir_p='$(top_builddir)/config/install-sh -c -d'
oldincludedir='/usr/include'
pdfdir='${docdir}'
prefix='/usr/local'
program_transform_name='s,x,x,'
psdir='${docdir}'
sbindir='${exec_prefix}/sbin'
sharedstatedir='${prefix}/com'
sysconfdir='${prefix}/etc'
target_alias=''

## ----------- ##
## confdefs.h. ##
## ----------- ##

/* confdefs.h */
#define PACKAGE_NAME "tesseract"
#define PACKAGE_TARNAME "tesseract"
#define PACKAGE_VERSION "3.01"
#define PACKAGE_STRING "tesseract 3.01"
#define PACKAGE_BUGREPORT "theraysmith@gmail.com"
#define PACKAGE_URL ""
#define PACKAGE_NAME "tesseract"
#define PACKAGE_VERSION "3.01"
#define PACKAGE_YEAR "2011"
#define PACKAGE_DATE "10/16"
#define STDC_HEADERS 1
#define HAVE_SYS_TYPES_H 1
#define HAVE_SYS_STAT_H 1
#define HAVE_STDLIB_H 1
#define HAVE_STRING_H 1
#define HAVE_MEMORY_H 1
#define HAVE_STRINGS_H 1
#define HAVE_INTTYPES_H 1
#define HAVE_STDINT_H 1
#define HAVE_UNISTD_H 1
#define HAVE_DLFCN_H 1
#define LT_OBJDIR ".libs/"
#define PACKAGE "tesseract"
#define VERSION "3.01"
#define HAVE_LIBPTHREAD 1
#define STDC_HEADERS 1
#define TIME_WITH_SYS_TIME 1
#define HAVE_SYS_WAIT_H 1
#define HAVE_SYS_IPC_H 1
#define HAVE_SYS_SHM_H 1
#define HAVE_LIMITS_H 1
#define HAVE_STDBOOL_H 1
#define HAVE_WCHAR_T 1
#define HAVE_LONG_LONG_INT 1
#define HAVE_MBSTATE_T 1
#define HAVE_STDLIB_H 1
#define HAVE_UNISTD_H 1
#define HAVE_SYS_PARAM_H 1
#define HAVE_GETPAGESIZE 1
#define HAVE_MMAP 1
#define HAVE_FORK 1
#define HAVE_VFORK 1
#define HAVE_WORKING_VFORK 1
#define HAVE_WORKING_FORK 1
#define HAVE_STRERROR 1
#define HAVE_VSNPRINTF 1
#define HAVE_GETHOSTNAME 1
#define HAVE_STRCHR 1
#define HAVE_MEMCPY 1
#define HAVE_ACOS 1
#define HAVE_ASIN 1
#define HAVE_LIBLEPT 1

configure: exit 1
